This is pdfTeX, Version 3.14159265-2.6-1.40.17 (TeX Live 2016) (preloaded format=latex 2016.5.22)  12 FEB 2017 13:09
entering extended mode
 restricted \write18 enabled.
 %&-line parsing enabled.
**ShervinTrustSurvey.tex
(./ShervinTrustSurvey.tex
LaTeX2e <2016/03/31>
Babel <3.9r> and hyphenation patterns for 83 language(s) loaded.
(/usr/local/texlive/2016/texmf-dist/tex/latex/amsmath/amsmath.sty
Package: amsmath 2016/03/10 v2.15b AMS math features
\@mathmargin=\skip41

For additional information on amsmath, use the `?' option.
(/usr/local/texlive/2016/texmf-dist/tex/latex/amsmath/amstext.sty
Package: amstext 2000/06/29 v2.01 AMS text

(/usr/local/texlive/2016/texmf-dist/tex/latex/amsmath/amsgen.sty
File: amsgen.sty 1999/11/30 v2.0 generic functions
\@emptytoks=\toks14
\ex@=\dimen102
))
(/usr/local/texlive/2016/texmf-dist/tex/latex/amsmath/amsbsy.sty
Package: amsbsy 1999/11/29 v1.2d Bold Symbols
\pmbraise@=\dimen103
)
(/usr/local/texlive/2016/texmf-dist/tex/latex/amsmath/amsopn.sty
Package: amsopn 2016/03/08 v2.02 operator names
)
\inf@bad=\count79
LaTeX Info: Redefining \frac on input line 199.
\uproot@=\count80
\leftroot@=\count81
LaTeX Info: Redefining \overline on input line 297.
\classnum@=\count82
\DOTSCASE@=\count83
LaTeX Info: Redefining \ldots on input line 394.
LaTeX Info: Redefining \dots on input line 397.
LaTeX Info: Redefining \cdots on input line 518.
\Mathstrutbox@=\box26
\strutbox@=\box27
\big@size=\dimen104
LaTeX Font Info:    Redeclaring font encoding OML on input line 634.
LaTeX Font Info:    Redeclaring font encoding OMS on input line 635.
\macc@depth=\count84
\c@MaxMatrixCols=\count85
\dotsspace@=\muskip10
\c@parentequation=\count86
\dspbrk@lvl=\count87
\tag@help=\toks15
\row@=\count88
\column@=\count89
\maxfields@=\count90
\andhelp@=\toks16
\eqnshift@=\dimen105
\alignsep@=\dimen106
\tagshift@=\dimen107
\tagwidth@=\dimen108
\totwidth@=\dimen109
\lineht@=\dimen110
\@envbody=\toks17
\multlinegap=\skip42
\multlinetaggap=\skip43
\mathdisplay@stack=\toks18
LaTeX Info: Redefining \[ on input line 2739.
LaTeX Info: Redefining \] on input line 2740.
) (./llncs.cls
Document Class: llncs 2004/08/17 v2.14 
 LaTeX document class for Lecture Notes in Computer Science
(/usr/local/texlive/2016/texmf-dist/tex/latex/base/article.cls
Document Class: article 2014/09/29 v1.4h Standard LaTeX document class
(/usr/local/texlive/2016/texmf-dist/tex/latex/base/size10.clo
File: size10.clo 2014/09/29 v1.4h Standard LaTeX file (size option)
)
\c@part=\count91
\c@section=\count92
\c@subsection=\count93
\c@subsubsection=\count94
\c@paragraph=\count95
\c@subparagraph=\count96
\c@figure=\count97
\c@table=\count98
\abovecaptionskip=\skip44
\belowcaptionskip=\skip45
\bibindent=\dimen111
)
(/usr/local/texlive/2016/texmf-dist/tex/latex/tools/multicol.sty
Package: multicol 2016/04/07 v1.8p multicolumn formatting (FMi)
\c@tracingmulticols=\count99
\mult@box=\box28
\multicol@leftmargin=\dimen112
\c@unbalance=\count100
\c@collectmore=\count101
\doublecol@number=\count102
\multicoltolerance=\count103
\multicolpretolerance=\count104
\full@width=\dimen113
\page@free=\dimen114
\premulticols=\dimen115
\postmulticols=\dimen116
\multicolsep=\skip46
\multicolbaselineskip=\skip47
\partial@page=\box29
\last@line=\box30
\maxbalancingoverflow=\dimen117
\mult@rightbox=\box31
\mult@grightbox=\box32
\mult@gfirstbox=\box33
\mult@firstbox=\box34
\@tempa=\box35
\@tempa=\box36
\@tempa=\box37
\@tempa=\box38
\@tempa=\box39
\@tempa=\box40
\@tempa=\box41
\@tempa=\box42
\@tempa=\box43
\@tempa=\box44
\@tempa=\box45
\@tempa=\box46
\@tempa=\box47
\@tempa=\box48
\@tempa=\box49
\@tempa=\box50
\@tempa=\box51
\c@columnbadness=\count105
\c@finalcolumnbadness=\count106
\last@try=\dimen118
\multicolovershoot=\dimen119
\multicolundershoot=\dimen120
\mult@nat@firstbox=\box52
\colbreak@box=\box53
\mc@col@check@num=\count107
)
\c@chapter=\count108
LaTeX Font Info:    Redeclaring math symbol \Gamma on input line 360.
LaTeX Font Info:    Redeclaring math symbol \Delta on input line 361.
LaTeX Font Info:    Redeclaring math symbol \Theta on input line 362.
LaTeX Font Info:    Redeclaring math symbol \Lambda on input line 363.
LaTeX Font Info:    Redeclaring math symbol \Xi on input line 364.
LaTeX Font Info:    Redeclaring math symbol \Pi on input line 365.
LaTeX Font Info:    Redeclaring math symbol \Sigma on input line 366.
LaTeX Font Info:    Redeclaring math symbol \Upsilon on input line 367.
LaTeX Font Info:    Redeclaring math symbol \Phi on input line 368.
LaTeX Font Info:    Redeclaring math symbol \Psi on input line 369.
LaTeX Font Info:    Redeclaring math symbol \Omega on input line 370.
\tocchpnum=\dimen121
\tocsecnum=\dimen122
\tocsectotal=\dimen123
\tocsubsecnum=\dimen124
\tocsubsectotal=\dimen125
\tocsubsubsecnum=\dimen126
\tocsubsubsectotal=\dimen127
\tocparanum=\dimen128
\tocparatotal=\dimen129
\tocsubparanum=\dimen130
\@tempcntc=\count109
\fnindent=\dimen131
\c@@inst=\count110
\c@@auth=\count111
\c@auco=\count112
\instindent=\dimen132
\authrun=\box54
\authorrunning=\toks19
\tocauthor=\toks20
\titrun=\box55
\titlerunning=\toks21
\toctitle=\toks22
\c@theorem=\count113
\c@case=\count114
\c@conjecture=\count115
\c@corollary=\count116
\c@definition=\count117
\c@example=\count118
\c@exercise=\count119
\c@lemma=\count120
\c@note=\count121
\c@problem=\count122
\c@property=\count123
\c@proposition=\count124
\c@question=\count125
\c@solution=\count126
\c@remark=\count127
\headlineindent=\dimen133
)
(/usr/local/texlive/2016/texmf-dist/tex/latex/amsfonts/amssymb.sty
Package: amssymb 2013/01/14 v3.01 AMS font symbols

(/usr/local/texlive/2016/texmf-dist/tex/latex/amsfonts/amsfonts.sty
Package: amsfonts 2013/01/14 v3.01 Basic AMSFonts support
\symAMSa=\mathgroup4
\symAMSb=\mathgroup5
LaTeX Font Info:    Overwriting math alphabet `\mathfrak' in version `bold'
(Font)                  U/euf/m/n --> U/euf/b/n on input line 106.
))
(/usr/local/texlive/2016/texmf-dist/tex/latex/algorithms/algorithm.sty
Package: algorithm 2009/08/24 v0.1 Document Style `algorithm' - floating enviro
nment

(/usr/local/texlive/2016/texmf-dist/tex/latex/float/float.sty
Package: float 2001/11/08 v1.3d Float enhancements (AL)
\c@float@type=\count128
\float@exts=\toks23
\float@box=\box56
\@float@everytoks=\toks24
\@floatcapt=\box57
)
(/usr/local/texlive/2016/texmf-dist/tex/latex/base/ifthen.sty
Package: ifthen 2014/09/29 v1.1c Standard LaTeX ifthen package (DPC)
)
\@float@every@algorithm=\toks25
\c@algorithm=\count129
)
(/usr/local/texlive/2016/texmf-dist/tex/latex/algorithms/algorithmic.sty
Package: algorithmic 2009/08/24 v0.1 Document Style `algorithmic'

(/usr/local/texlive/2016/texmf-dist/tex/latex/graphics/keyval.sty
Package: keyval 2014/10/28 v1.15 key=value parser (DPC)
\KV@toks@=\toks26
)
\c@ALC@unique=\count130
\c@ALC@line=\count131
\c@ALC@rem=\count132
\c@ALC@depth=\count133
\ALC@tlm=\skip48
\algorithmicindent=\skip49
)
(/usr/local/texlive/2016/texmf-dist/tex/latex/base/makeidx.sty
Package: makeidx 2014/09/29 v1.0m Standard LaTeX package
)
(/usr/local/texlive/2016/texmf-dist/tex/latex/graphics/graphicx.sty
Package: graphicx 2014/10/28 v1.0g Enhanced LaTeX Graphics (DPC,SPQR)

(/usr/local/texlive/2016/texmf-dist/tex/latex/graphics/graphics.sty
Package: graphics 2016/05/09 v1.0r Standard LaTeX Graphics (DPC,SPQR)

(/usr/local/texlive/2016/texmf-dist/tex/latex/graphics/trig.sty
Package: trig 2016/01/03 v1.10 sin cos tan (DPC)
)
(/usr/local/texlive/2016/texmf-dist/tex/latex/graphics-cfg/graphics.cfg
File: graphics.cfg 2016/01/02 v1.10 sample graphics configuration
)
Package graphics Info: Driver file: dvips.def on input line 96.

(/usr/local/texlive/2016/texmf-dist/tex/latex/graphics/dvips.def
File: dvips.def 2015/12/30 v3.0k Driver-dependent file (DPC,SPQR)
))
\Gin@req@height=\dimen134
\Gin@req@width=\dimen135
)
(/usr/local/texlive/2016/texmf-dist/tex/latex/graphics/epsfig.sty
Package: epsfig 1999/02/16 v1.7a (e)psfig emulation (SPQR)
\epsfxsize=\dimen136
\epsfysize=\dimen137
)
(/usr/local/texlive/2016/texmf-dist/tex/latex/graphics/color.sty
Package: color 2016/05/09 v1.1c Standard LaTeX Color (DPC)

(/usr/local/texlive/2016/texmf-dist/tex/latex/graphics-cfg/color.cfg
File: color.cfg 2016/01/02 v1.6 sample color configuration
)
Package color Info: Driver file: dvips.def on input line 144.

(/usr/local/texlive/2016/texmf-dist/tex/latex/graphics/dvipsnam.def
File: dvipsnam.def 2015/12/30 v3.0k Driver-dependent file (DPC,SPQR)
))
(/usr/local/texlive/2016/texmf-dist/tex/latex/boxedminipage/boxedminipage.sty)
(/usr/local/texlive/2016/texmf-dist/tex/latex/tools/enumerate.sty
Package: enumerate 2015/07/23 v3.00 enumerate extensions (DPC)
\@enLab=\toks27
)
(/usr/local/texlive/2016/texmf-dist/tex/latex/diagbox/diagbox.sty
Package: diagbox 2016/02/24 v2.1 Making table heads with diagonal lines

(/usr/local/texlive/2016/texmf-dist/tex/latex/pict2e/pict2e.sty
Package: pict2e 2016/02/05 v0.3b Improved picture commands (HjG,RN,JT)

(/usr/local/texlive/2016/texmf-dist/tex/latex/pict2e/pict2e.cfg
File: pict2e.cfg 2016/02/05 v0.1u pict2e configuration for teTeX/TeXLive
)
Package pict2e Info: Driver file: dvips.def on input line 119.
Package pict2e Info: Driver file for pict2e: p2e-dvips.def on input line 121.

(/usr/local/texlive/2016/texmf-dist/tex/latex/pict2e/p2e-dvips.def
File: p2e-dvips.def 2016/02/05 v0.1u Driver-dependant file (RN,HjG,JT)
)
\pIIe@GRAPH=\toks28
\@arclen=\dimen138
\@arcrad=\dimen139
\@tempdimd=\dimen140
)
(/usr/local/texlive/2016/texmf-dist/tex/latex/fp/fp.sty
Package: fp 1995/04/02

`Fixed Point Package', Version 0.8, April 2, 1995 (C) Michael Mehlich
(/usr/local/texlive/2016/texmf-dist/tex/latex/fp/defpattern.sty
Package: defpattern 1994/10/12
\actioncount=\count134
)
(/usr/local/texlive/2016/texmf-dist/tex/latex/fp/fp-basic.sty
Package: fp-basic 1996/05/13
\FP@xs=\count135
\FP@xia=\count136
\FP@xib=\count137
\FP@xfa=\count138
\FP@xfb=\count139
\FP@rega=\count140
\FP@regb=\count141
\FP@regs=\count142
\FP@times=\count143
)
(/usr/local/texlive/2016/texmf-dist/tex/latex/fp/fp-addons.sty
Package: fp-addons 1995/03/15
)
(/usr/local/texlive/2016/texmf-dist/tex/latex/fp/fp-snap.sty
Package: fp-snap 1995/04/05
)
(/usr/local/texlive/2016/texmf-dist/tex/latex/fp/fp-exp.sty
Package: fp-exp 1995/04/03
)
(/usr/local/texlive/2016/texmf-dist/tex/latex/fp/fp-trigo.sty
Package: fp-trigo 1995/04/14
)
(/usr/local/texlive/2016/texmf-dist/tex/latex/fp/fp-pas.sty
Package: fp-pas 1994/08/29
)
(/usr/local/texlive/2016/texmf-dist/tex/latex/fp/fp-random.sty
Package: fp-random 1995/02/23
\FPseed=\count144
)
(/usr/local/texlive/2016/texmf-dist/tex/latex/fp/fp-eqn.sty
Package: fp-eqn 1995/04/03
)
(/usr/local/texlive/2016/texmf-dist/tex/latex/fp/fp-upn.sty
Package: fp-upn 1996/10/21
)
(/usr/local/texlive/2016/texmf-dist/tex/latex/fp/fp-eval.sty
Package: fp-eval 1995/04/03
))
(/usr/local/texlive/2016/texmf-dist/tex/latex/tools/array.sty
Package: array 2014/10/28 v2.4c Tabular extension package (FMi)
\col@sep=\dimen141
\extrarowheight=\dimen142
\NC@list=\toks29
\extratabsurround=\skip50
\backup@length=\skip51
)
\diagbox@boxa=\box58
\diagbox@boxb=\box59
\diagbox@boxm=\box60
\diagbox@wd=\dimen143
\diagbox@ht=\dimen144
\diagbox@insepl=\dimen145
\diagbox@insepr=\dimen146
\diagbox@outsepl=\dimen147
\diagbox@outsepr=\dimen148
)
(/usr/local/texlive/2016/texmf-dist/tex/latex/xcolor/xcolor.sty
Package: xcolor 2016/05/11 v2.12 LaTeX color extensions (UK)

(/usr/local/texlive/2016/texmf-dist/tex/latex/graphics-cfg/color.cfg
File: color.cfg 2016/01/02 v1.6 sample color configuration
)
Package xcolor Info: Driver file: dvips.def on input line 225.

(/usr/local/texlive/2016/texmf-dist/tex/latex/colortbl/colortbl.sty
Package: colortbl 2012/02/13 v1.0a Color table columns (DPC)
\everycr=\toks30
\minrowclearance=\skip52
)
LaTeX Info: Redefining \color on input line 709.
\rownum=\count145
Package xcolor Info: Model `cmy' substituted by `cmy0' on input line 1348.
Package xcolor Info: Model `RGB' extended on input line 1364.
Package xcolor Info: Model `HTML' substituted by `rgb' on input line 1366.
Package xcolor Info: Model `Hsb' substituted by `hsb' on input line 1367.
Package xcolor Info: Model `tHsb' substituted by `hsb' on input line 1368.
Package xcolor Info: Model `HSB' substituted by `hsb' on input line 1369.
Package xcolor Info: Model `Gray' substituted by `gray' on input line 1370.
Package xcolor Info: Model `wave' substituted by `hsb' on input line 1371.
)
(/usr/local/texlive/2016/texmf-dist/tex/latex/multirow/multirow.sty
\bigstrutjot=\dimen149
)
(/usr/local/texlive/2016/texmf-dist/tex/latex/tools/longtable.sty
Package: longtable 2014/10/28 v4.11 Multi-page Table package (DPC)
\LTleft=\skip53
\LTright=\skip54
\LTpre=\skip55
\LTpost=\skip56
\LTchunksize=\count146
\LTcapwidth=\dimen150
\LT@head=\box61
\LT@firsthead=\box62
\LT@foot=\box63
\LT@lastfoot=\box64
\LT@cols=\count147
\LT@rows=\count148
\c@LT@tables=\count149
\c@LT@chunks=\count150
\LT@p@ftn=\toks31
)
(./ShervinTrustSurvey.aux)
\openout1 = `ShervinTrustSurvey.aux'.

LaTeX Font Info:    Checking defaults for OML/cmm/m/it on input line 54.
LaTeX Font Info:    ... okay on input line 54.
LaTeX Font Info:    Checking defaults for T1/cmr/m/n on input line 54.
LaTeX Font Info:    ... okay on input line 54.
LaTeX Font Info:    Checking defaults for OT1/cmr/m/n on input line 54.
LaTeX Font Info:    ... okay on input line 54.
LaTeX Font Info:    Checking defaults for OMS/cmsy/m/n on input line 54.
LaTeX Font Info:    ... okay on input line 54.
LaTeX Font Info:    Checking defaults for OMX/cmex/m/n on input line 54.
LaTeX Font Info:    ... okay on input line 54.
LaTeX Font Info:    Checking defaults for U/cmr/m/n on input line 54.
LaTeX Font Info:    ... okay on input line 54.
LaTeX Font Info:    Try loading font information for U+msa on input line 95.

(/usr/local/texlive/2016/texmf-dist/tex/latex/amsfonts/umsa.fd
File: umsa.fd 2013/01/14 v3.01 AMS symbols A
)
LaTeX Font Info:    Try loading font information for U+msb on input line 95.

(/usr/local/texlive/2016/texmf-dist/tex/latex/amsfonts/umsb.fd
File: umsb.fd 2013/01/14 v3.01 AMS symbols B
) [1



]

! LaTeX Error: Cannot determine size of graphic in Figures/EvolutionOfAutomatio
n.png (no BoundingBox).

See the LaTeX manual or LaTeX Companion for explanation.
Type  H <return>  for immediate help.
 ...                                              
                                                  
l.126 ...width]{Figures/EvolutionOfAutomation.png}
                                                  
Try typing  <return>  to proceed.
If that doesn't work, type  X <return>  to quit.

File: Figures/EvolutionOfAutomation.png Graphic file (type eps)
<Figures/EvolutionOfAutomation.png> [2] [3]

! LaTeX Error: Cannot determine size of graphic in Figures/3robots.jpg (no Boun
dingBox).

See the LaTeX manual or LaTeX Companion for explanation.
Type  H <return>  for immediate help.
 ...                                              
                                                  
l.151 ...egraphics[scale=0.6]{Figures/3robots.jpg}
                                                  
Try typing  <return>  to proceed.
If that doesn't work, type  X <return>  to quit.

File: Figures/3robots.jpg Graphic file (type eps)
<Figures/3robots.jpg> [4] [5]

! LaTeX Error: Cannot determine size of graphic in Figures/TrustFactors.png (no
 BoundingBox).

See the LaTeX manual or LaTeX Companion for explanation.
Type  H <return>  for immediate help.
 ...                                              
                                                  
l.176 ...dth=\textwidth]{Figures/TrustFactors.png}
                                                  
Try typing  <return>  to proceed.
If that doesn't work, type  X <return>  to quit.

File: Figures/TrustFactors.png Graphic file (type eps)
<Figures/TrustFactors.png> [6]
Underfull \vbox (badness 2158) has occurred while \output is active []

 [7]

LaTeX Warning: Citation `payre2016fully' on page 8 undefined on input line 199.


[8]
Underfull \vbox (badness 5105) has occurred while \output is active []

 [9]
Missing character: There is no Ã in font cmr10!
Missing character: There is no ¶ in font cmr10!

[10]

LaTeX Warning: Citation `IntelligentAgent' on page 11 undefined on input line 2
25.


Overfull \hbox (0.20612pt too wide) in paragraph at lines 225--226
 \OT1/cmr/bx/n/10 3.1.4 Human-Agents(software agents)[] \OT1/cmr/m/n/10 With th
e fast-paced ad-vance-ments
 []


LaTeX Warning: Citation `nwana1996software' on page 11 undefined on input line 
227.

[11]

! LaTeX Error: Cannot determine size of graphic in Figures/agents.png (no Bound
ingBox).

See the LaTeX manual or LaTeX Companion for explanation.
Type  H <return>  for immediate help.
 ...                                              
                                                  
l.244 ...ics[width=\textwidth]{Figures/agents.png}
                                                  
Try typing  <return>  to proceed.
If that doesn't work, type  X <return>  to quit.

File: Figures/agents.png Graphic file (type eps)
<Figures/agents.png>

LaTeX Warning: Citation `bickmore2001relational' on page 12 undefined on input 
line 248.

[12]

LaTeX Warning: Citation `resnik1985influence' on page 13 undefined on input lin
e 250.

Missing character: There is no â in font cmr10!
Missing character: There is no € in font cmr10!
Missing character: There is no ™ in font cmr10!
Missing character: There is no â in font cmr10!
Missing character: There is no € in font cmr10!
Missing character: There is no ™ in font cmr10!

LaTeX Warning: Citation `abdul2000supporting' on page 13 undefined on input lin
e 256.


LaTeX Warning: Citation `josang1998modelling' on page 13 undefined on input lin
e 260.


LaTeX Warning: Citation `almenarez2006developing' on page 13 undefined on input
 line 263.

[13] [14]
Underfull \hbox (badness 1565) in paragraph at lines 281--282
\OT1/cmr/m/n/10 por-tant role as well as
 []


Underfull \hbox (badness 4765) in paragraph at lines 281--282
\OT1/cmr/m/n/10 trust, and The un-pre-
 []


Underfull \hbox (badness 10000) in paragraph at lines 282--283
[]|\OT1/cmr/m/n/10 Computer
 []


Underfull \hbox (badness 10000) in paragraph at lines 282--283
\OT1/cmr/m/n/10 sim-u-la-tion
 []


Underfull \hbox (badness 2846) in paragraph at lines 282--283
\OT1/cmr/m/n/10 based on a
 []


Underfull \hbox (badness 10000) in paragraph at lines 282--283
\OT1/cmr/m/n/10 fire-fight-ing
 []


Underfull \hbox (badness 10000) in paragraph at lines 283--284
[]|\OT1/cmr/m/n/10 Military,
 []


Underfull \hbox (badness 10000) in paragraph at lines 283--284
\OT1/cmr/m/n/10 Haz-ardous
 []


Underfull \hbox (badness 10000) in paragraph at lines 283--284
\OT1/cmr/m/n/10 en-vi-ron-
 []


Underfull \hbox (badness 10000) in paragraph at lines 286--287
[]|\OT1/cmr/m/n/10 Mathematical def-i-ni-tion
 []


Underfull \hbox (badness 7486) in paragraph at lines 286--287
\OT1/cmr/m/n/10 for trust, where trust
 []


Underfull \hbox (badness 3058) in paragraph at lines 286--287
\OT1/cmr/m/n/10 is a vari-able T. Trust
 []


Underfull \hbox (badness 4156) in paragraph at lines 286--287
\OT1/cmr/m/n/10 or mech-a-nism that al-
 []


Underfull \hbox (badness 1394) in paragraph at lines 287--288
[]|\OT1/cmr/m/n/10 trust prop-a-
 []


Underfull \hbox (badness 10000) in paragraph at lines 288--289
[]|\OT1/cmr/m/n/10 Math-based
 []


Underfull \hbox (badness 1394) in paragraph at lines 288--289
\OT1/cmr/m/n/10 trust prop-a-
 []


Underfull \hbox (badness 2221) in paragraph at lines 292--293
[]|\OT1/cmr/m/n/10 N/A (meta-
 []


Underfull \hbox (badness 10000) in paragraph at lines 297--298
[]|\OT1/cmr/m/n/10 visually
 []


Underfull \hbox (badness 10000) in paragraph at lines 297--298
\OT1/cmr/m/n/10 im-paired
 []


Underfull \hbox (badness 10000) in paragraph at lines 298--299
[]|\OT1/cmr/m/n/10 Improving
 []


Underfull \hbox (badness 10000) in paragraph at lines 302--303
[]|\OT1/cmr/m/n/10 X-ray
 []


Underfull \hbox (badness 10000) in paragraph at lines 302--303
\OT1/cmr/m/n/10 screen-ing
 []


Underfull \hbox (badness 1895) in paragraph at lines 306--307
[]|\OT1/cmr/m/n/10 Etiquette af-fects hu-man
 []


Underfull \hbox (badness 1052) in paragraph at lines 307--308
[]|\OT1/cmr/m/n/10 Flight sim-u-
 []


Underfull \hbox (badness 10000) in paragraph at lines 308--309
[]|\OT1/cmr/m/n/10 Impact of
 []


Underfull \hbox (badness 1845) in paragraph at lines 308--309
\OT1/cmr/m/n/10 eti-quette on
 []


Underfull \hbox (badness 8094) in paragraph at lines 312--313
\OT1/cmr/m/n/10 ter Ex-perts
 []


Underfull \hbox (badness 10000) in paragraph at lines 313--314
[]|\OT1/cmr/m/n/10 Trust mea-
 []


Underfull \hbox (badness 10000) in paragraph at lines 317--318
[]|\OT1/cmr/m/n/10 YSI
 []


Underfull \hbox (badness 10000) in paragraph at lines 317--318
\OT1/cmr/m/n/10 EcoMap-per
 []


Underfull \hbox (badness 10000) in paragraph at lines 317--318
\OT1/cmr/m/n/10 au-tonomous
 []


Underfull \hbox (badness 10000) in paragraph at lines 317--318
\OT1/cmr/m/n/10 un-der-wa-ter
 []


Underfull \hbox (badness 10000) in paragraph at lines 318--319
[]|\OT1/cmr/m/n/10 Semi-
 []


Underfull \hbox (badness 10000) in paragraph at lines 318--319
\OT1/cmr/m/n/10 autonomous
 []


Underfull \hbox (badness 10000) in paragraph at lines 322--323
[]|\OT1/cmr/m/n/10 Most con-sumers like
 []


Underfull \hbox (badness 3503) in paragraph at lines 322--323
\OT1/cmr/m/n/10 SDC's. Dif-fer-ent peo-ple
 []


Underfull \hbox (badness 10000) in paragraph at lines 323--324
[]|\OT1/cmr/m/n/10 Survey
 []


Underfull \hbox (badness 2846) in paragraph at lines 323--324
\OT1/cmr/m/n/10 based on a
 []


Underfull \hbox (badness 10000) in paragraph at lines 323--324
\OT1/cmr/m/n/10 10 minute
 []


Underfull \hbox (badness 10000) in paragraph at lines 324--325
[]|\OT1/cmr/m/n/10 Perception
 []


Underfull \hbox (badness 10000) in paragraph at lines 324--325
\OT1/cmr/m/n/10 of user's
 []


Underfull \hbox (badness 10000) in paragraph at lines 324--325
\OT1/cmr/m/n/10 trust in
 []

Missing character: There is no â in font cmr10!
Missing character: There is no € in font cmr10!
Missing character: There is no ™ in font cmr10!

Underfull \hbox (badness 7540) in paragraph at lines 328--329
[]|\OT1/cmr/m/n/10 Surveys us-
 []


Underfull \hbox (badness 10000) in paragraph at lines 328--329
\OT1/cmr/m/n/10 ing Sur-vey
 []


Underfull \hbox (badness 10000) in paragraph at lines 328--329
\OT1/cmr/m/n/10 Ama-zons
 []


Underfull \hbox (badness 10000) in paragraph at lines 328--329
\OT1/cmr/m/n/10 Me-chan-i-cal
 []


Underfull \hbox (badness 10000) in paragraph at lines 329--330
[]|\OT1/cmr/m/n/10 Trust in
 []


Underfull \hbox (badness 10000) in paragraph at lines 329--330
\OT1/cmr/m/n/10 Au-to-mated
 []


Underfull \hbox (badness 10000) in paragraph at lines 329--330
\OT1/cmr/m/n/10 Cars and
 []


Underfull \hbox (badness 10000) in paragraph at lines 329--330
\OT1/cmr/m/n/10 Med-i-cal
 []


Underfull \hbox (badness 10000) in paragraph at lines 329--330
\OT1/cmr/m/n/10 Di-ag-no-sis
 []


Underfull \hbox (badness 10000) in paragraph at lines 332--333
[]|\OT1/cmr/m/n/10 The ge-o-graphic po-si-
 []


Underfull \hbox (badness 10000) in paragraph at lines 332--333
\OT1/cmr/m/n/10 tion-ing and ed-u-ca-tion
 []


Underfull \hbox (badness 10000) in paragraph at lines 333--334
[]|\OT1/cmr/m/n/10 Internet-
 []


Underfull \hbox (badness 6125) in paragraph at lines 337--338
\OT1/cmr/m/n/10 im-prov-ing will in-crease
 []


Underfull \hbox (badness 10000) in paragraph at lines 338--339
\OT1/cmr/m/n/10 of ex-ist-ing
 []


Underfull \hbox (badness 10000) in paragraph at lines 339--340
[]|\OT1/cmr/m/n/10 Safety for
 []


Underfull \hbox (badness 10000) in paragraph at lines 339--340
\OT1/cmr/m/n/10 SDC soft-
 []


Underfull \hbox (badness 10000) in paragraph at lines 339--340
\OT1/cmr/m/n/10 ware based
 []


Underfull \hbox (badness 1776) in paragraph at lines 339--340
\OT1/cmr/m/n/10 on 'fal-si-fi-ca-
 []


Underfull \hbox (badness 10000) in paragraph at lines 343--344
\OT1/cmr/m/n/10 u-la-tor by
 []


Underfull \hbox (badness 10000) in paragraph at lines 344--345
[]|\OT1/cmr/m/n/10 The un-
 []


Underfull \hbox (badness 10000) in paragraph at lines 344--345
\OT1/cmr/m/n/10 cer-tainty
 []


Underfull \hbox (badness 10000) in paragraph at lines 344--345
\OT1/cmr/m/n/10 of SDCs
 []


Underfull \hbox (badness 10000) in paragraph at lines 344--345
\OT1/cmr/m/n/10 in var-i-ous
 []


Underfull \hbox (badness 10000) in paragraph at lines 350--351
[]|\OT1/cmr/m/n/10 Internet
 []


Underfull \hbox (badness 10000) in paragraph at lines 351--352
[]|\OT1/cmr/m/n/10 Trust in
 []


Underfull \hbox (badness 10000) in paragraph at lines 351--352
\OT1/cmr/m/n/10 au-tonomous
 []


Underfull \hbox (badness 10000) in paragraph at lines 351--352
\OT1/cmr/m/n/10 and semi-
 []


Underfull \hbox (badness 10000) in paragraph at lines 351--352
\OT1/cmr/m/n/10 autonomous
 []


Underfull \hbox (badness 10000) in paragraph at lines 351--352
\OT1/cmr/m/n/10 auto pi-lot
 []


Underfull \hbox (badness 2418) in paragraph at lines 355--356
[]|\OT1/cmr/m/n/10 Data col-lec-
 []


Underfull \hbox (badness 10000) in paragraph at lines 355--356
\OT1/cmr/m/n/10 ex-per-i-men-tal
 []


Underfull \hbox (badness 10000) in paragraph at lines 356--357
[]|\OT1/cmr/m/n/10 Autopilot
 []


Underfull \hbox (badness 10000) in paragraph at lines 356--357
\OT1/cmr/m/n/10 per-son-al-iza-
 []


LaTeX Warning: Citation `nwana1996software' on page 15 undefined on input line 
360.


Underfull \hbox (badness 1231) in paragraph at lines 362--363
[]|\OT1/cmr/m/n/10 N/A (Meta-
 []


Underfull \hbox (badness 10000) in paragraph at lines 363--364
[]|\OT1/cmr/m/n/10 Overview
 []


Underfull \hbox (badness 10000) in paragraph at lines 363--364
\OT1/cmr/m/n/10 of soft-ware
 []


Underfull \hbox (badness 10000) in paragraph at lines 363--364
\OT1/cmr/m/n/10 agents and
 []


LaTeX Warning: Citation `bickmore2001relational' on page 15 undefined on input 
line 365.


Underfull \hbox (badness 10000) in paragraph at lines 368--369
[]|\OT1/cmr/m/n/10 Building
 []


Underfull \hbox (badness 10000) in paragraph at lines 368--369
\OT1/cmr/m/n/10 trust us-
 []


Underfull \hbox (badness 10000) in paragraph at lines 368--369
\OT1/cmr/m/n/10 ing so-cial
 []


LaTeX Warning: Citation `abdul2000supporting' on page 15 undefined on input lin
e 370.


Underfull \hbox (badness 5274) in paragraph at lines 371--372
[]|\OT1/cmr/m/n/10 Model de-signed to in-
 []


Underfull \hbox (badness 10000) in paragraph at lines 371--372
\OT1/cmr/m/n/10 crease trust be-tween
 []


Underfull \hbox (badness 2050) in paragraph at lines 371--372
\OT1/cmr/m/n/10 agents and agents, and
 []


Underfull \hbox (badness 10000) in paragraph at lines 372--373
[]|\OT1/cmr/m/n/10 Reputation-
 []


Underfull \hbox (badness 10000) in paragraph at lines 372--373
\OT1/cmr/m/n/10 based trust
 []


Underfull \hbox (badness 10000) in paragraph at lines 373--374
[]|\OT1/cmr/m/n/10 Increasing
 []


Underfull \hbox (badness 10000) in paragraph at lines 373--374
\OT1/cmr/m/n/10 trust in
 []


Underfull \hbox (badness 10000) in paragraph at lines 373--374
\OT1/cmr/m/n/10 agents in
 []


Overfull \hbox (40.03758pt too wide) in alignment at lines 275--374
[] [] [] [] []
 []


Underfull \vbox (badness 10000) detected at line 374
 []


LaTeX Warning: Citation `josang1998modelling' on page 15 undefined on input lin
e 377.


Underfull \hbox (badness 2205) in paragraph at lines 378--379
\OT1/cmr/m/n/10 ten-dency of hu-mans to
 []


Underfull \hbox (badness 10000) in paragraph at lines 380--381
[]|\OT1/cmr/m/n/10 Trust in
 []


Underfull \hbox (badness 10000) in paragraph at lines 380--381
\OT1/cmr/m/n/10 IT and
 []


Underfull \hbox (badness 10000) in paragraph at lines 380--381
\OT1/cmr/m/n/10 ma-li-cious
 []


LaTeX Warning: Citation `almenarez2006developing' on page 15 undefined on input
 line 382.


Underfull \hbox (badness 4819) in paragraph at lines 383--384
\OT1/cmr/m/n/10 de-signed to tackle the
 []


Underfull \hbox (badness 5147) in paragraph at lines 383--384
\OT1/cmr/m/n/10 is-sue of trust be-tween
 []


Underfull \hbox (badness 10000) in paragraph at lines 383--384
\OT1/cmr/m/n/10 agents, cre-at-ing se-cure
 []


Overfull \hbox (3.37242pt too wide) in paragraph at lines 384--385
[]|\OT1/cmr/m/n/10 Mathematical
 []


Underfull \hbox (badness 10000) in paragraph at lines 385--386
[]|\OT1/cmr/m/n/10 Trust be-
 []


Underfull \hbox (badness 1910) in paragraph at lines 385--386
\OT1/cmr/m/n/10 in Per-va-sive
 []


Underfull \hbox (badness 10000) in paragraph at lines 385--386
\OT1/cmr/m/n/10 as smart-
 []


Underfull \hbox (badness 10000) in paragraph at lines 385--386
\OT1/cmr/m/n/10 phones and
 []


Overfull \hbox (40.03758pt too wide) in alignment at lines 374--389
[] [] [] [] []
 []

[15] [16] (./ShervinTrustSurvey.bbl [17]) [18] (./ShervinTrustSurvey.aux) ) 
Here is how much of TeX's memory you used:
 3883 strings out of 493015
 47590 string characters out of 6133377
 163230 words of memory out of 5000000
 7329 multiletter control sequences out of 15000+600000
 8630 words of font info for 33 fonts, out of 8000000 for 9000
 1141 hyphenation exceptions out of 8191
 41i,6n,35p,1713b,330s stack positions out of 5000i,500n,10000p,200000b,80000s

Output written on ShervinTrustSurvey.dvi (18 pages, 68000 bytes).
